build/outputs/logs/manifest-merger-debug-report.txt
-- Merging decision tree log ---
manifest
ADDED from Android_PLA_GENL\AndroidManifest.xml:2:1-149:12
INJECTED from Android_PLA_GENL\AndroidManifest.xml:2:1-149:12
INJECTED from Android_PLA_GENL\AndroidManifest.xml:2:1-149:12
INJECTED from Android_PLA_GENL\AndroidManifest.xml:2:1-149:12
MERGED from [io.reactivex:rxandroid:1.1.0] AndroidManifest.xml:15:1-21:12
MERGED from [com.android.support:multidex:1.0.2] AndroidManifest.xml:17:1-22:12
MERGED from [com.android.support.constraint:constraint-layout:1.1.3] AndroidManifest.xml:2:1-11:12
MERGED from [com.haibin:calendarview:3.5.0] AndroidManifest.xml:2:1-12:12
MERGED from [com.android.support:appcompat-v7:26.1.0] AndroidManifest.xml:17:1-31:12
MERGED from [com.android.support:recyclerview-v7:23.3.0] AndroidManifest.xml:17:1-22:12
MERGED from [com.android.support:animated-vector-drawable:26.1.0] AndroidManifest.xml:17:1-28:12
MERGED from [com.android.support:support-vector-drawable:26.1.0] AndroidManifest.xml:17:1-28:12
MERGED from [com.android.support:support-v4:26.1.0] AndroidManifest.xml:17:1-31:12
MERGED from [com.android.support:support-fragment:26.1.0] AndroidManifest.xml:17:1-31:12
MERGED from [com.android.support:support-core-ui:26.1.0] AndroidManifest.xml:17:1-31:12
MERGED from [com.android.support:support-media-compat:26.1.0] AndroidManifest.xml:17:1-31:12
MERGED from [com.android.support:support-core-utils:26.1.0] AndroidManifest.xml:17:1-31:12
MERGED from [com.android.support:support-compat:26.1.0] AndroidManifest.xml:17:1-31:12
MERGED from [android.arch.lifecycle:runtime:1.0.0] AndroidManifest.xml:17:1-30:12
INJECTED from Android_PLA_GENL\AndroidManifest.xml:2:1-149:12
INJECTED from Android_PLA_GENL\AndroidManifest.xml:2:1-149:12
INJECTED from Android_PLA_GENL\AndroidManifest.xml:2:1-149:12
	package
		ADDED from Android_PLA_GENL\AndroidManifest.xml:3:5-33
		INJECTED from Android_PLA_GENL\AndroidManifest.xml
		INJECTED from Android_PLA_GENL\AndroidManifest.xml
	android:versionName
		ADDED from Android_PLA_GENL\AndroidManifest.xml:5:5-33
		INJECTED from Android_PLA_GENL\AndroidManifest.xml
		INJECTED from Android_PLA_GENL\AndroidManifest.xml
	xmlns:android
		ADDED from Android_PLA_GENL\AndroidManifest.xml:2:11-69
	android:versionCode
		ADDED from Android_PLA_GENL\AndroidManifest.xml:4:5-28
		INJECTED from Android_PLA_GENL\AndroidManifest.xml
		INJECTED from Android_PLA_GENL\AndroidManifest.xml
uses-sdk
ADDED from Android_PLA_GENL\AndroidManifest.xml:7:5-44
MERGED from [io.reactivex:rxandroid:1.1.0] AndroidManifest.xml:19:5-43
MERGED from [io.reactivex:rxandroid:1.1.0] AndroidManifest.xml:19:5-43
MERGED from [com.android.support:multidex:1.0.2] AndroidManifest.xml:20:5-43
MERGED from [com.android.support:multidex:1.0.2] AndroidManifest.xml:20:5-43
MERGED from [com.android.support.constraint:constraint-layout:1.1.3] AndroidManifest.xml:5:5-7:41
MERGED from [com.android.support.constraint:constraint-layout:1.1.3] AndroidManifest.xml:5:5-7:41
MERGED from [com.haibin:calendarview:3.5.0] AndroidManifest.xml:8:5-10:41
MERGED from [com.haibin:calendarview:3.5.0] AndroidManifest.xml:8:5-10:41
MERGED from [com.android.support:appcompat-v7:26.1.0] AndroidManifest.xml:21:5-23:78
MERGED from [com.android.support:appcompat-v7:26.1.0] AndroidManifest.xml:21:5-23:78
MERGED from [com.android.support:recyclerview-v7:23.3.0] AndroidManifest.xml:20:5-43
MERGED from [com.android.support:recyclerview-v7:23.3.0] AndroidManifest.xml:20:5-43
MERGED from [com.android.support:animated-vector-drawable:26.1.0] AndroidManifest.xml:20:5-44
MERGED from [com.android.support:animated-vector-drawable:26.1.0] AndroidManifest.xml:20:5-44
MERGED from [com.android.support:support-vector-drawable:26.1.0] AndroidManifest.xml:20:5-44
MERGED from [com.android.support:support-vector-drawable:26.1.0] AndroidManifest.xml:20:5-44
MERGED from [com.android.support:support-v4:26.1.0] AndroidManifest.xml:21:5-23:54
MERGED from [com.android.support:support-v4:26.1.0] AndroidManifest.xml:21:5-23:54
MERGED from [com.android.support:support-fragment:26.1.0] AndroidManifest.xml:21:5-23:60
MERGED from [com.android.support:support-fragment:26.1.0] AndroidManifest.xml:21:5-23:60
MERGED from [com.android.support:support-core-ui:26.1.0] AndroidManifest.xml:21:5-23:58
MERGED from [com.android.support:support-core-ui:26.1.0] AndroidManifest.xml:21:5-23:58
MERGED from [com.android.support:support-media-compat:26.1.0] AndroidManifest.xml:21:5-23:63
MERGED from [com.android.support:support-media-compat:26.1.0] AndroidManifest.xml:21:5-23:63
MERGED from [com.android.support:support-core-utils:26.1.0] AndroidManifest.xml:21:5-23:61
MERGED from [com.android.support:support-core-utils:26.1.0] AndroidManifest.xml:21:5-23:61
MERGED from [com.android.support:support-compat:26.1.0] AndroidManifest.xml:21:5-23:58
MERGED from [com.android.support:support-compat:26.1.0] AndroidManifest.xml:21:5-23:58
MERGED from [android.arch.lifecycle:runtime:1.0.0] AndroidManifest.xml:20:5-22:41
MERGED from [android.arch.lifecycle:runtime:1.0.0] AndroidManifest.xml:20:5-22:41
	tools:overrideLibrary
		ADDED from [com.android.support:appcompat-v7:26.1.0] AndroidManifest.xml:23:9-75
	android:targetSdkVersion
		ADDED from [com.android.support.constraint:constraint-layout:1.1.3] AndroidManifest.xml:7:9-38
	android:minSdkVersion
		ADDED from Android_PLA_GENL\AndroidManifest.xml:7:15-41
supports-screens
ADDED from Android_PLA_GENL\AndroidManifest.xml:9:5-13:39
	android:largeScreens
		ADDED from Android_PLA_GENL\AndroidManifest.xml:11:9-36
	android:smallScreens
		ADDED from Android_PLA_GENL\AndroidManifest.xml:13:9-36
	android:normalScreens
		ADDED from Android_PLA_GENL\AndroidManifest.xml:12:9-37
	android:anyDensity
		ADDED from Android_PLA_GENL\AndroidManifest.xml:10:9-34
uses-permission#android.permission.CALL_PHONE
ADDED from Android_PLA_GENL\AndroidManifest.xml:16:5-69
	android:name
		ADDED from Android_PLA_GENL\AndroidManifest.xml:16:22-66
uses-permission#android.permission.CAMERA
ADDED from Android_PLA_GENL\AndroidManifest.xml:18:5-65
	android:name
		ADDED from Android_PLA_GENL\AndroidManifest.xml:18:22-62
uses-permission#android.permission.ACCESS_NETWORK_STATE
ADDED from Android_PLA_GENL\AndroidManifest.xml:19:5-79
	android:name
		ADDED from Android_PLA_GENL\AndroidManifest.xml:19:22-76
uses-permission#android.permission.INTERNET
ADDED from Android_PLA_GENL\AndroidManifest.xml:20:5-67
	android:name
		ADDED from Android_PLA_GENL\AndroidManifest.xml:20:22-64
uses-permission#android.permission.WRITE_EXTERNAL_STORAGE
ADDED from Android_PLA_GENL\AndroidManifest.xml:21:5-81
	android:name
		ADDED from Android_PLA_GENL\AndroidManifest.xml:21:22-78
uses-permission#android.permission.ACCESS_WIFI_STATE
ADDED from Android_PLA_GENL\AndroidManifest.xml:22:5-76
	android:name
		ADDED from Android_PLA_GENL\AndroidManifest.xml:22:22-73
uses-permission#android.permission.READ_PHONE_STATE
ADDED from Android_PLA_GENL\AndroidManifest.xml:23:5-75
	android:name
		ADDED from Android_PLA_GENL\AndroidManifest.xml:23:22-72
uses-permission#android.permission.READ_SETTINGS
ADDED from Android_PLA_GENL\AndroidManifest.xml:24:5-72
	android:name
		ADDED from Android_PLA_GENL\AndroidManifest.xml:24:22-69
uses-permission#android.permission.WRITE_SETTINGS
ADDED from Android_PLA_GENL\AndroidManifest.xml:25:5-73
	android:name
		ADDED from Android_PLA_GENL\AndroidManifest.xml:25:22-70
uses-permission#android.permission.MOUNT_UNMOUNT_FILESYSTEMS
ADDED from Android_PLA_GENL\AndroidManifest.xml:26:5-84
	android:name
		ADDED from Android_PLA_GENL\AndroidManifest.xml:26:22-81
uses-permission#android.permission.READ_EXTERNAL_STORAGE
ADDED from Android_PLA_GENL\AndroidManifest.xml:27:5-80
	android:name
		ADDED from Android_PLA_GENL\AndroidManifest.xml:27:22-77
uses-permission#com.huawei.android.launcher.permission.CHANGE_BADGE 
ADDED from Android_PLA_GENL\AndroidManifest.xml:28:5-92
	android:name
		ADDED from Android_PLA_GENL\AndroidManifest.xml:28:22-89
uses-permission#android.permission.RECEIVE_BOOT_COMPLETED
ADDED from Android_PLA_GENL\AndroidManifest.xml:29:5-81
	android:name
		ADDED from Android_PLA_GENL\AndroidManifest.xml:29:22-78
uses-permission#android.permission.GET_TASKS
ADDED from Android_PLA_GENL\AndroidManifest.xml:31:5-68
	android:name
		ADDED from Android_PLA_GENL\AndroidManifest.xml:31:22-65
uses-permission#android.permission.RECORD_VIDEO
ADDED from Android_PLA_GENL\AndroidManifest.xml:32:5-71
	android:name
		ADDED from Android_PLA_GENL\AndroidManifest.xml:32:22-68
uses-permission#android.permission.RECORD_AUDIO
ADDED from Android_PLA_GENL\AndroidManifest.xml:33:5-71
	android:name
		ADDED from Android_PLA_GENL\AndroidManifest.xml:33:22-68
uses-feature#android.hardware.camera
ADDED from Android_PLA_GENL\AndroidManifest.xml:35:5-60
	android:name
		ADDED from Android_PLA_GENL\AndroidManifest.xml:35:19-57
uses-permission#android.permission.MODIFY_AUDIO_SETTINGS
ADDED from Android_PLA_GENL\AndroidManifest.xml:37:5-80
	android:name
		ADDED from Android_PLA_GENL\AndroidManifest.xml:37:22-77
uses-permission#android.permission.ACCESS_FINE_LOCATION
ADDED from Android_PLA_GENL\AndroidManifest.xml:40:5-79
	android:name
		ADDED from Android_PLA_GENL\AndroidManifest.xml:40:22-76
uses-permission#android.permission.ACCESS_COARSE_LOCATION
ADDED from Android_PLA_GENL\AndroidManifest.xml:42:5-81
	android:name
		ADDED from Android_PLA_GENL\AndroidManifest.xml:42:22-78
uses-permission#android.permission.CHANGE_WIFI_STATE
ADDED from Android_PLA_GENL\AndroidManifest.xml:48:5-76
	android:name
		ADDED from Android_PLA_GENL\AndroidManifest.xml:48:22-73
uses-permission#android.permission.CHANGE_NETWORK_STATE
ADDED from Android_PLA_GENL\AndroidManifest.xml:52:5-79
	android:name
		ADDED from Android_PLA_GENL\AndroidManifest.xml:52:22-76
application
ADDED from Android_PLA_GENL\AndroidManifest.xml:56:5-147:19
MERGED from [com.android.support.constraint:constraint-layout:1.1.3] AndroidManifest.xml:9:5-20
MERGED from [com.android.support.constraint:constraint-layout:1.1.3] AndroidManifest.xml:9:5-20
MERGED from [com.android.support:appcompat-v7:26.1.0] AndroidManifest.xml:25:5-29:19
MERGED from [com.android.support:appcompat-v7:26.1.0] AndroidManifest.xml:25:5-29:19
MERGED from [com.android.support:animated-vector-drawable:26.1.0] AndroidManifest.xml:22:5-26:19
MERGED from [com.android.support:animated-vector-drawable:26.1.0] AndroidManifest.xml:22:5-26:19
MERGED from [com.android.support:support-vector-drawable:26.1.0] AndroidManifest.xml:22:5-26:19
MERGED from [com.android.support:support-vector-drawable:26.1.0] AndroidManifest.xml:22:5-26:19
MERGED from [com.android.support:support-v4:26.1.0] AndroidManifest.xml:25:5-29:19
MERGED from [com.android.support:support-v4:26.1.0] AndroidManifest.xml:25:5-29:19
MERGED from [com.android.support:support-fragment:26.1.0] AndroidManifest.xml:25:5-29:19
MERGED from [com.android.support:support-fragment:26.1.0] AndroidManifest.xml:25:5-29:19
MERGED from [com.android.support:support-core-ui:26.1.0] AndroidManifest.xml:25:5-29:19
MERGED from [com.android.support:support-core-ui:26.1.0] AndroidManifest.xml:25:5-29:19
MERGED from [com.android.support:support-media-compat:26.1.0] AndroidManifest.xml:25:5-29:19
MERGED from [com.android.support:support-media-compat:26.1.0] AndroidManifest.xml:25:5-29:19
MERGED from [com.android.support:support-core-utils:26.1.0] AndroidManifest.xml:25:5-29:19
MERGED from [com.android.support:support-core-utils:26.1.0] AndroidManifest.xml:25:5-29:19
MERGED from [com.android.support:support-compat:26.1.0] AndroidManifest.xml:25:5-29:19
MERGED from [com.android.support:support-compat:26.1.0] AndroidManifest.xml:25:5-29:19
MERGED from [android.arch.lifecycle:runtime:1.0.0] AndroidManifest.xml:24:5-28:19
MERGED from [android.arch.lifecycle:runtime:1.0.0] AndroidManifest.xml:24:5-28:19
	android:label
		ADDED from Android_PLA_GENL\AndroidManifest.xml:60:9-43
	android:icon
		ADDED from Android_PLA_GENL\AndroidManifest.xml:59:9-38
	android:allowBackup
		ADDED from Android_PLA_GENL\AndroidManifest.xml:58:9-35
	android:name
		ADDED from Android_PLA_GENL\AndroidManifest.xml:57:9-30
meta-data#TencentMapSDK
ADDED from Android_PLA_GENL\AndroidManifest.xml:61:9-63:67
	android:value
		ADDED from Android_PLA_GENL\AndroidManifest.xml:63:13-64
	android:name
		ADDED from Android_PLA_GENL\AndroidManifest.xml:62:13-41
meta-data#com.google.android.gms.version
ADDED from Android_PLA_GENL\AndroidManifest.xml:64:9-66:39
	android:value
		ADDED from Android_PLA_GENL\AndroidManifest.xml:66:13-36
	android:name
		ADDED from Android_PLA_GENL\AndroidManifest.xml:65:13-58
activity#com.topvs.wanve.view.LoginActivity
ADDED from Android_PLA_GENL\AndroidManifest.xml:68:9-78:20
	android:label
		ADDED from Android_PLA_GENL\AndroidManifest.xml:71:13-45
	android:configChanges
		ADDED from Android_PLA_GENL\AndroidManifest.xml:70:13-48
	android:theme
		ADDED from Android_PLA_GENL\AndroidManifest.xml:72:13-60
	android:name
		ADDED from Android_PLA_GENL\AndroidManifest.xml:69:13-62
intent-filter#android.intent.action.MAIN+android.intent.category.LAUNCHER
ADDED from Android_PLA_GENL\AndroidManifest.xml:73:13-77:29
action#android.intent.action.MAIN
ADDED from Android_PLA_GENL\AndroidManifest.xml:74:17-69
	android:name
		ADDED from Android_PLA_GENL\AndroidManifest.xml:74:25-66
category#android.intent.category.LAUNCHER
ADDED from Android_PLA_GENL\AndroidManifest.xml:76:17-77
	android:name
		ADDED from Android_PLA_GENL\AndroidManifest.xml:76:27-74
activity#com.topvs.platform.NVSPlayer
ADDED from Android_PLA_GENL\AndroidManifest.xml:79:9-84:55
	android:label
		ADDED from Android_PLA_GENL\AndroidManifest.xml:81:13-45
	android:windowSoftInputMode
		ADDED from Android_PLA_GENL\AndroidManifest.xml:84:13-52
	android:configChanges
		ADDED from Android_PLA_GENL\AndroidManifest.xml:82:13-48
	android:theme
		ADDED from Android_PLA_GENL\AndroidManifest.xml:83:13-44
	android:name
		ADDED from Android_PLA_GENL\AndroidManifest.xml:80:13-38
activity#com.topvs.platform.DeviceListActivity
ADDED from Android_PLA_GENL\AndroidManifest.xml:85:9-89:48
	android:label
		ADDED from Android_PLA_GENL\AndroidManifest.xml:87:13-33
	android:configChanges
		ADDED from Android_PLA_GENL\AndroidManifest.xml:88:13-48
	android:theme
		ADDED from Android_PLA_GENL\AndroidManifest.xml:89:13-45
	android:name
		ADDED from Android_PLA_GENL\AndroidManifest.xml:86:13-47
activity#com.topvs.platform.IPConfig
ADDED from Android_PLA_GENL\AndroidManifest.xml:90:9-94:47
	android:label
		ADDED from Android_PLA_GENL\AndroidManifest.xml:92:13-31
	android:configChanges
		ADDED from Android_PLA_GENL\AndroidManifest.xml:93:13-48
	android:theme
		ADDED from Android_PLA_GENL\AndroidManifest.xml:94:13-44
	android:name
		ADDED from Android_PLA_GENL\AndroidManifest.xml:91:13-37
activity#com.topvs.platform.IPListActivity
ADDED from Android_PLA_GENL\AndroidManifest.xml:95:9-99:47
	android:label
		ADDED from Android_PLA_GENL\AndroidManifest.xml:97:13-33
	android:configChanges
		ADDED from Android_PLA_GENL\AndroidManifest.xml:98:13-48
	android:theme
		ADDED from Android_PLA_GENL\AndroidManifest.xml:99:13-44
	android:name
		ADDED from Android_PLA_GENL\AndroidManifest.xml:96:13-43
activity#com.topvs.platform.ShowHelpActivity
ADDED from Android_PLA_GENL\AndroidManifest.xml:100:9-104:47
	android:label
		ADDED from Android_PLA_GENL\AndroidManifest.xml:102:13-31
	android:configChanges
		ADDED from Android_PLA_GENL\AndroidManifest.xml:103:13-48
	android:theme
		ADDED from Android_PLA_GENL\AndroidManifest.xml:104:13-44
	android:name
		ADDED from Android_PLA_GENL\AndroidManifest.xml:101:13-45
activity#com.topvs.player.PlayActivity
ADDED from Android_PLA_GENL\AndroidManifest.xml:105:9-110:63
	android:screenOrientation
		ADDED from Android_PLA_GENL\AndroidManifest.xml:107:13-49
	android:label
		ADDED from Android_PLA_GENL\AndroidManifest.xml:109:13-31
	android:configChanges
		ADDED from Android_PLA_GENL\AndroidManifest.xml:108:13-48
	android:theme
		ADDED from Android_PLA_GENL\AndroidManifest.xml:110:13-60
	android:name
		ADDED from Android_PLA_GENL\AndroidManifest.xml:106:13-57
activity#com.topvs.player.FileListActivity
ADDED from Android_PLA_GENL\AndroidManifest.xml:111:9-115:47
	android:label
		ADDED from Android_PLA_GENL\AndroidManifest.xml:113:13-33
	android:configChanges
		ADDED from Android_PLA_GENL\AndroidManifest.xml:114:13-48
	android:theme
		ADDED from Android_PLA_GENL\AndroidManifest.xml:115:13-44
	android:name
		ADDED from Android_PLA_GENL\AndroidManifest.xml:112:13-61
activity#com.topvs.player.RecordPlayActivity
ADDED from Android_PLA_GENL\AndroidManifest.xml:116:9-120:47
	android:label
		ADDED from Android_PLA_GENL\AndroidManifest.xml:119:13-33
	android:configChanges
		ADDED from Android_PLA_GENL\AndroidManifest.xml:118:13-48
	android:theme
		ADDED from Android_PLA_GENL\AndroidManifest.xml:120:13-44
	android:name
		ADDED from Android_PLA_GENL\AndroidManifest.xml:117:13-63
activity#com.topvs.player.ImageDisplayActivity
ADDED from Android_PLA_GENL\AndroidManifest.xml:121:9-133:20
	android:label
		ADDED from Android_PLA_GENL\AndroidManifest.xml:124:13-33
	android:configChanges
		ADDED from Android_PLA_GENL\AndroidManifest.xml:123:13-48
	android:theme
		ADDED from Android_PLA_GENL\AndroidManifest.xml:125:13-44
	android:name
		ADDED from Android_PLA_GENL\AndroidManifest.xml:122:13-65
activity#com.topvs.wanve.view.HomeActivity
ADDED from Android_PLA_GENL\AndroidManifest.xml:134:9-137:63
	android:configChanges
		ADDED from Android_PLA_GENL\AndroidManifest.xml:136:13-48
	android:theme
		ADDED from Android_PLA_GENL\AndroidManifest.xml:137:13-60
	android:name
		ADDED from Android_PLA_GENL\AndroidManifest.xml:135:13-61
activity#com.topvs.wanve.view.RecorderActivity
ADDED from Android_PLA_GENL\AndroidManifest.xml:138:9-141:63
	android:configChanges
		ADDED from Android_PLA_GENL\AndroidManifest.xml:140:13-48
	android:theme
		ADDED from Android_PLA_GENL\AndroidManifest.xml:141:13-60
	android:name
		ADDED from Android_PLA_GENL\AndroidManifest.xml:139:13-65
activity#com.topvs.wanve.view.RlsbActivity
ADDED from Android_PLA_GENL\AndroidManifest.xml:142:9-145:47
	android:configChanges
		ADDED from Android_PLA_GENL\AndroidManifest.xml:144:13-48
	android:theme
		ADDED from Android_PLA_GENL\AndroidManifest.xml:145:13-44
	android:name
		ADDED from Android_PLA_GENL\AndroidManifest.xml:143:13-61
data
ADDED from Android_PLA_GENL\AndroidManifest.xml:131:17-52
	android:mimeType
		ADDED from Android_PLA_GENL\AndroidManifest.xml:131:23-49
meta-data#android.support.VERSION
ADDED from [com.android.support:appcompat-v7:26.1.0] AndroidManifest.xml:26:9-28:38
MERGED from [com.android.support:animated-vector-drawable:26.1.0] AndroidManifest.xml:23:9-25:38
MERGED from [com.android.support:animated-vector-drawable:26.1.0] AndroidManifest.xml:23:9-25:38
MERGED from [com.android.support:support-vector-drawable:26.1.0] AndroidManifest.xml:23:9-25:38
MERGED from [com.android.support:support-vector-drawable:26.1.0] AndroidManifest.xml:23:9-25:38
MERGED from [com.android.support:support-v4:26.1.0] AndroidManifest.xml:26:9-28:38
MERGED from [com.android.support:support-v4:26.1.0] AndroidManifest.xml:26:9-28:38
MERGED from [com.android.support:support-fragment:26.1.0] AndroidManifest.xml:26:9-28:38
MERGED from [com.android.support:support-fragment:26.1.0] AndroidManifest.xml:26:9-28:38
MERGED from [com.android.support:support-core-ui:26.1.0] AndroidManifest.xml:26:9-28:38
MERGED from [com.android.support:support-core-ui:26.1.0] AndroidManifest.xml:26:9-28:38
MERGED from [com.android.support:support-media-compat:26.1.0] AndroidManifest.xml:26:9-28:38
MERGED from [com.android.support:support-media-compat:26.1.0] AndroidManifest.xml:26:9-28:38
MERGED from [com.android.support:support-core-utils:26.1.0] AndroidManifest.xml:26:9-28:38
MERGED from [com.android.support:support-core-utils:26.1.0] AndroidManifest.xml:26:9-28:38
MERGED from [com.android.support:support-compat:26.1.0] AndroidManifest.xml:26:9-28:38
MERGED from [com.android.support:support-compat:26.1.0] AndroidManifest.xml:26:9-28:38
	android:value
		ADDED from [com.android.support:appcompat-v7:26.1.0] AndroidManifest.xml:28:13-35
	android:name
		ADDED from [com.android.support:appcompat-v7:26.1.0] AndroidManifest.xml:27:13-51
meta-data#android.arch.lifecycle.VERSION
ADDED from [android.arch.lifecycle:runtime:1.0.0] AndroidManifest.xml:25:9-27:47
	android:value
		ADDED from [android.arch.lifecycle:runtime:1.0.0] AndroidManifest.xml:27:13-44
	android:name
		ADDED from [android.arch.lifecycle:runtime:1.0.0] AndroidManifest.xml:26:13-58